Build started 2013/9/14 上午 11:01:20.
     1>Project "C:\Users\vince\Documents\GitHub\RobotSDK\gt_lib\project\win64_dll\win64_dll\win64_dll\win64_dll.vcxproj" on node 2 (Build target(s)).
     1>ClCompile:
         C:\Program Files (x86)\Microsoft Visual Studio 11.0\VC\bin\CL.exe /c /IC:\Users\vince\Documents\GitHub\RobotSDK\gt_lib\project\linux64_console /IC:\Users\vince\Documents\GitHub\RobotSDK\gt_lib\include /Zi /nologo /W3 /WX- /O2 /Oi /Oy- /GL /D WIN32 /D NDEBUG /D _WINDOWS /D _USRDLL /D WIN64_DLL_EXPORTS /D __GT_CONFIG_WINDOWS__ /D _WINDLL /D _UNICODE /D UNICODE /Gm- /EHsc /MD /GS /Gy /fp:precise /Zc:wchar_t /Zc:forScope /Fo"Release\\" /Fd"Release\vc110.pdb" /Gd /TP /analyze- /errorReport:prompt main.cpp
         main.cpp
     1>C:\Users\vince\Documents\GitHub\RobotSDK\gt_lib\include\gt_lib.h(28): fatal error C1083: Cannot open include file: 'unistd.h': No such file or directory
     1>Done Building Project "C:\Users\vince\Documents\GitHub\RobotSDK\gt_lib\project\win64_dll\win64_dll\win64_dll\win64_dll.vcxproj" (Build target(s)) -- FAILED.

Build FAILED.

Time Elapsed 00:00:00.08
